<?xml version="1.0" encoding="UTF-8"?>
<!-- Generated by org.testng.reporters.JUnitReportReporter -->
<testsuite name="Engine.TestngTestRunner" tests="1" time="85.827" ignored="0" failures="0" timestamp="03 May 2018 11:25:30 GMT" skipped="0" hostname="Amit-PC" errors="0">
  <testcase name="run_cukes" time="85.827" classname="Engine.TestngTestRunner"/>
</testsuite> <!-- Engine.TestngTestRunner -->
